#
# A fatal error has been detected by the Java Runtime Environment:
#
#  SIGSEGV (0xb) at pc=0x00000001108a7ada, pid=41416, tid=9219
#
# JRE version: Java(TM) SE Runtime Environment (8.0_45-b14) (build 1.8.0_45-b14)
# Java VM: Java HotSpot(TM) 64-Bit Server VM (25.45-b02 mixed mode bsd-amd64 compressed oops)
# Problematic frame:
# V  [libjvm.dylib+0x4a7ada]  ParallelCompactData::calc_new_pointer(HeapWord*)+0x20
#
# Failed to write core dump. Core dumps have been disabled. To enable core dumping, try "ulimit -c unlimited" before starting Java again
#
# If you would like to submit a bug report, please visit:
#   http://bugreport.java.com/bugreport/crash.jsp
#

---------------  T H R E A D  ---------------

Current thread (0x00007fbab3803800):  GCTaskThread [stack: 0x000070000021d000,0x000070000031d000] [id=9219]

siginfo: si_signo: 11 (SIGSEGV), si_code: 0 (unknown), si_addr: 0x0000000000000000

Registers:
RAX=0x0000000740000000, RBX=0x00000007c001e498, RCX=0x000000010fa6a000, RDX=0x00001fffffff1a00
RSP=0x000070000031cbb0, RBP=0x000070000031cbd0, RSI=0x0000000010000000, RDI=0x0000000110cc2820
R8 =0x00009ffffffb8200, R9 =0x00000000001a883f, R10=0x00000000001a8800, R11=0x0000000120dd5000
R12=0x00000007409bd780, R13=0x00000007409bd784, R14=0x0000000110c15510, R15=0x0000000110cc2820
RIP=0x00000001108a7ada, EFLAGS=0x0000000000010a06, ERR=0x0000000000000000
  TRAPNO=0x000000000000000d

Top of Stack: (sp=0x000070000031cbb0)
0x000070000031cbb0:   00000007c001e498 00000007409bd780
0x000070000031cbc0:   0000000110c15510 0000000110cc2820
0x000070000031cbd0:   000070000031cc20 00000001106aec88
0x000070000031cbe0:   00000004409bd740 00000007409bd768
0x000070000031cbf0:   00000007c001e4a0 0000000000000004
0x000070000031cc00:   0000000110cc27a0 00000000001a87f3
0x000070000031cc10:   000070000031ccb0 00000000001b0000
0x000070000031cc20:   000070000031cc40 00000001108a2ea4
0x000070000031cc30:   0000000000006c00 00000000001b0000
0x000070000031cc40:   000070000031cc80 000000011087b642
0x000070000031cc50:   000070000031ccb0 0000000740d80000
0x000070000031cc60:   000000000000001a 0000000000000013
0x000070000031cc70:   0000000740fcd040 0000000740d00000
0x000070000031cc80:   000070000031cd20 00000001108a4c27
0x000070000031cc90:   0000000000000013 000000000000005f
0x000070000031cca0:   000000010fa6a000 00007fbab1c1d1a0
0x000070000031ccb0:   0000000110cac1b0 0000000110cc27a0
0x000070000031ccc0:   00007fbab1c1d1a0 0000000000008513
0x000070000031ccd0:   0000000740d43f80 00007fbab1f008d0
0x000070000031cce0:   00000007409bd768 0000000740fcd040
0x000070000031ccf0:   0000000000000000 00007fbab1c1d1a0
0x000070000031cd00:   000070000031cd40 0000000000000013
0x000070000031cd10:   0000000110cc1d38 0000000110cb8496
0x000070000031cd20:   000070000031cd70 000000011089e0d7
0x000070000031cd30:   000070000031cd80 0000000000000013
0x000070000031cd40:   0000000000000000 0000000000000000
0x000070000031cd50:   0000000000000004 00007fbab1c1d1a0
0x000070000031cd60:   0000000000000004 0000000000000000
0x000070000031cd70:   000070000031cdb0 000000011089192b
0x000070000031cd80:   000070000031cdb0 00007fbab3803800
0x000070000031cd90:   0000000000000000 00000001109eded9
0x000070000031cda0:   00007fbab355c210 0000000000000001 

Instructions: (pc=0x00000001108a7ada)
0x00000001108a7aba:   55 48 89 e5 41 57 41 56 41 54 53 48 8b 07 48 8b
0x00000001108a7aca:   4f 18 48 89 f2 48 29 c2 48 c1 ea 13 4c 8d 04 92
0x00000001108a7ada:   4a 8b 1c c1 46 8b 4c c1 18 41 ba ff ff ff 07 46
0x00000001108a7aea:   23 54 c1 1c 4d 01 ca 49 81 fa 00 00 01 00 49 89 

Register to memory mapping:

RAX=0x0000000740000000 is an oop
[I 
 - klass: {type array int}
 - length: 256
RBX=0x00000007c001e498 is pointing into metadata
RCX=0x000000010fa6a000 is an unknown value
RDX=0x00001fffffff1a00 is an unknown value
RSP=0x000070000031cbb0 is an unknown value
RBP=0x000070000031cbd0 is an unknown value
RSI=0x0000000010000000 is an unknown value
RDI=0x0000000110cc2820: _ZN17PSParallelCompact13_summary_dataE+0 in /Library/Java/JavaVirtualMachines/jdk1.8.0_45.jdk/Contents/Home/jre/lib/server/libjvm.dylib at 0x0000000110400000
R8 =0x00009ffffffb8200 is an unknown value
R9 =0x00000000001a883f is an unknown value
R10=0x00000000001a8800 is an unknown value
R11=0x0000000120dd5000 is an unknown value
R12=0x00000007409bd780 is pointing into object: 0x00000007409bd768
java.util.HashMap$Node 
 - klass: 'java/util/HashMap$Node'
R13=0x00000007409bd784 is pointing into object: 0x00000007409bd768
java.util.HashMap$Node 
 - klass: 'java/util/HashMap$Node'
R14=0x0000000110c15510: _ZN8Universe11_narrow_oopE+0 in /Library/Java/JavaVirtualMachines/jdk1.8.0_45.jdk/Contents/Home/jre/lib/server/libjvm.dylib at 0x0000000110400000
R15=0x0000000110cc2820: _ZN17PSParallelCompact13_summary_dataE+0 in /Library/Java/JavaVirtualMachines/jdk1.8.0_45.jdk/Contents/Home/jre/lib/server/libjvm.dylib at 0x0000000110400000


Stack: [0x000070000021d000,0x000070000031d000],  sp=0x000070000031cbb0,  free space=1022k
Native frames: (J=compiled Java code, j=interpreted, Vv=VM code, C=native code)
V  [libjvm.dylib+0x4a7ada]  ParallelCompactData::calc_new_pointer(HeapWord*)+0x20
V  [libjvm.dylib+0x2aec88]  InstanceKlass::oop_update_pointers(ParCompactionManager*, oopDesc*)+0x112
V  [libjvm.dylib+0x4a2ea4]  MoveAndUpdateClosure::do_addr(HeapWord*, unsigned long)+0x98
V  [libjvm.dylib+0x47b642]  ParMarkBitMap::iterate(ParMarkBitMapClosure*, unsigned long, unsigned long) const+0x1aa
V  [libjvm.dylib+0x4a4c27]  PSParallelCompact::fill_region(ParCompactionManager*, unsigned long)+0x27d
V  [libjvm.dylib+0x49e0d7]  ParCompactionManager::drain_region_stacks()+0x5b
V  [libjvm.dylib+0x49192b]  DrainStacksCompactionTask::do_it(GCTaskManager*, unsigned int)+0xbb
V  [libjvm.dylib+0x26c111]  GCTaskThread::run()+0x1a1
V  [libjvm.dylib+0x46ea7e]  java_start(Thread*)+0xf6
C  [libsystem_pthread.dylib+0x399d]  _pthread_body+0x83
C  [libsystem_pthread.dylib+0x391a]  _pthread_body+0x0
C  [libsystem_pthread.dylib+0x1351]  thread_start+0xd


---------------  P R O C E S S  ---------------

Java Threads: ( => current thread )
  0x00007fbab3adf800 JavaThread "process reaper" daemon [_thread_blocked, id=20227, stack(0x000070000114d000,0x0000700001175000)]
  0x00007fbab3843000 JavaThread "Monitor Ctrl-Break" daemon [_thread_in_native, id=19715, stack(0x000070000104a000,0x000070000114a000)]
  0x00007fbab201e000 JavaThread "Service Thread" daemon [_thread_blocked, id=18691, stack(0x0000700000e44000,0x0000700000f44000)]
  0x00007fbab383c800 JavaThread "C1 CompilerThread2" daemon [_thread_blocked, id=18179, stack(0x0000700000d41000,0x0000700000e41000)]
  0x00007fbab383c000 JavaThread "C2 CompilerThread1" daemon [_thread_blocked, id=17667, stack(0x0000700000c3e000,0x0000700000d3e000)]
  0x00007fbab382c000 JavaThread "C2 CompilerThread0" daemon [_thread_in_native, id=17155, stack(0x0000700000b3b000,0x0000700000c3b000)]
  0x00007fbab382b000 JavaThread "Signal Dispatcher" daemon [_thread_blocked, id=12815, stack(0x0000700000a38000,0x0000700000b38000)]
  0x00007fbab3005000 JavaThread "Finalizer" daemon [_thread_blocked, id=12291, stack(0x000070000082f000,0x000070000092f000)]
  0x00007fbab3004000 JavaThread "Reference Handler" daemon [_thread_blocked, id=11779, stack(0x000070000072c000,0x000070000082c000)]
  0x00007fbab3001000 JavaThread "main" [_thread_blocked, id=5891, stack(0x000070000011a000,0x000070000021a000)]

Other Threads:
  0x00007fbab2040000 VMThread [stack: 0x0000700000629000,0x0000700000729000] [id=11267]
  0x00007fbab201c000 WatcherThread [stack: 0x0000700000f47000,0x0000700001047000] [id=19203]

=>0x00007fbab3803800 (exited) GCTaskThread [stack: 0x000070000021d000,0x000070000031d000] [id=9219]

VM state:at safepoint (normal execution)

VM Mutex/Monitor currently owned by a thread:  ([mutex/lock_event])
[0x00007fbab1d02e10] Threads_lock - owner thread: 0x00007fbab2040000
[0x00007fbab1d03310] Heap_lock - owner thread: 0x00007fbab3001000

Heap:
 PSYoungGen      total 142336K, used 10235K [0x0000000795580000, 0x000000079f480000, 0x00000007c0000000)
  eden space 132096K, 0% used [0x0000000795580000,0x0000000795580000,0x000000079d680000)
  from space 10240K, 99% used [0x000000079d680000,0x000000079e07edc0,0x000000079e080000)
  to   space 14848K, 0% used [0x000000079e600000,0x000000079e600000,0x000000079f480000)
 ParOldGen       total 87552K, used 16180K [0x0000000740000000, 0x0000000745580000, 0x0000000795580000)
  object space 87552K, 18% used [0x0000000740000000,0x0000000740fcd040,0x0000000745580000)
 Metaspace       used 20349K, capacity 20696K, committed 20736K, reserved 1067008K
  class space    used 2426K, capacity 2541K, committed 2560K, reserved 1048576K

Card table byte_map: [0x0000000120729000,0x0000000120b2a000] byte_map_base: 0x000000011cd29000

Marking Bits: (ParMarkBitMap*) 0x0000000110cc27a0
 Begin Bits: [0x0000000120dd5000, 0x0000000122dd5000)
 End Bits:   [0x0000000122dd5000, 0x0000000124dd5000)

Polling page: 0x000000010fa57000

CodeCache: size=245760Kb used=10213Kb max_used=10213Kb free=235546Kb
 bounds [0x0000000111369000, 0x0000000111d69000, 0x0000000120369000]
 total_blobs=3744 nmethods=3373 adapters=284
 compilation: enabled

Compilation events (10 events):
Event: 4.968 Thread 0x00007fbab383c800 3403       1       com.sun.tools.javac.code.Symbol$MethodSymbol::isDynamic (2 bytes)
Event: 4.968 Thread 0x00007fbab383c800 nmethod 3403 0x0000000111d65550 code [0x0000000111d656a0, 0x0000000111d657b0]
Event: 4.969 Thread 0x00007fbab383c800 3389       1       com.sun.tools.javac.code.Types$MembersClosureCache::visitType (2 bytes)
Event: 4.969 Thread 0x00007fbab383c800 nmethod 3389 0x0000000111d65810 code [0x0000000111d65960, 0x0000000111d65a70]
Event: 4.969 Thread 0x00007fbab383c800 3391       1       com.sun.tools.javac.code.Type$ForAll::getTypeArguments (5 bytes)
Event: 4.969 Thread 0x00007fbab383c800 nmethod 3391 0x0000000111d65ad0 code [0x0000000111d65c20, 0x0000000111d65d30]
Event: 4.979 Thread 0x00007fbab383c800 3408       2       java.nio.charset.Charset::forName (20 bytes)
Event: 4.979 Thread 0x00007fbab383c800 nmethod 3408 0x0000000111d65d90 code [0x0000000111d65f00, 0x0000000111d66118]
Event: 4.981 Thread 0x00007fbab383c800 3409       2       sun.misc.URLClassPath::access$100 (7 bytes)
Event: 4.981 Thread 0x00007fbab383c800 nmethod 3409 0x0000000111d66250 code [0x0000000111d663c0, 0x0000000111d66508]

GC Heap History (10 events):
Event: 2.307 GC heap after
Heap after GC invocations=3 (full 0):
 PSYoungGen      total 38400K, used 5104K [0x0000000795580000, 0x000000079a080000, 0x00000007c0000000)
  eden space 33280K, 0% used [0x0000000795580000,0x0000000795580000,0x0000000797600000)
  from space 5120K, 99% used [0x0000000797600000,0x0000000797afc010,0x0000000797b00000)
  to   space 5120K, 0% used [0x0000000799b80000,0x0000000799b80000,0x000000079a080000)
 ParOldGen       total 87552K, used 4343K [0x0000000740000000, 0x0000000745580000, 0x0000000795580000)
  object space 87552K, 4% used [0x0000000740000000,0x000000074043dfa0,0x0000000745580000)
 Metaspace       used 13624K, capacity 13836K, committed 14080K, reserved 1060864K
  class space    used 1639K, capacity 1751K, committed 1792K, reserved 1048576K
}
Event: 2.520 GC heap before
{Heap before GC invocations=4 (full 0):
 PSYoungGen      total 38400K, used 38384K [0x0000000795580000, 0x000000079a080000, 0x00000007c0000000)
  eden space 33280K, 100% used [0x0000000795580000,0x0000000797600000,0x0000000797600000)
  from space 5120K, 99% used [0x0000000797600000,0x0000000797afc010,0x0000000797b00000)
  to   space 5120K, 0% used [0x0000000799b80000,0x0000000799b80000,0x000000079a080000)
 ParOldGen       total 87552K, used 4343K [0x0000000740000000, 0x0000000745580000, 0x0000000795580000)
  object space 87552K, 4% used [0x0000000740000000,0x000000074043dfa0,0x0000000745580000)
 Metaspace       used 13687K, capacity 13964K, committed 14080K, reserved 1060864K
  class space    used 1642K, capacity 1751K, committed 1792K, reserved 1048576K
Event: 2.533 GC heap after
Heap after GC invocations=4 (full 0):
 PSYoungGen      total 71680K, used 5104K [0x0000000795580000, 0x000000079a080000, 0x00000007c0000000)
  eden space 66560K, 0% used [0x0000000795580000,0x0000000795580000,0x0000000799680000)
  from space 5120K, 99% used [0x0000000799b80000,0x000000079a07c010,0x000000079a080000)
  to   space 5120K, 0% used [0x0000000799680000,0x0000000799680000,0x0000000799b80000)
 ParOldGen       total 87552K, used 5763K [0x0000000740000000, 0x0000000745580000, 0x0000000795580000)
  object space 87552K, 6% used [0x0000000740000000,0x00000007405a0fb0,0x0000000745580000)
 Metaspace       used 13687K, capacity 13964K, committed 14080K, reserved 1060864K
  class space    used 1642K, capacity 1751K, committed 1792K, reserved 1048576K
}
Event: 3.142 GC heap before
{Heap before GC invocations=5 (full 0):
 PSYoungGen      total 71680K, used 71664K [0x0000000795580000, 0x000000079a080000, 0x00000007c0000000)
  eden space 66560K, 100% used [0x0000000795580000,0x0000000799680000,0x0000000799680000)
  from space 5120K, 99% used [0x0000000799b80000,0x000000079a07c010,0x000000079a080000)
  to   space 5120K, 0% used [0x0000000799680000,0x0000000799680000,0x0000000799b80000)
 ParOldGen       total 87552K, used 5763K [0x0000000740000000, 0x0000000745580000, 0x0000000795580000)
  object space 87552K, 6% used [0x0000000740000000,0x00000007405a0fb0,0x0000000745580000)
 Metaspace       used 14040K, capacity 14320K, committed 14592K, reserved 1062912K
  class space    used 1663K, capacity 1757K, committed 1792K, reserved 1048576K
Event: 3.160 GC heap after
Heap after GC invocations=5 (full 0):
 PSYoungGen      total 71680K, used 5104K [0x0000000795580000, 0x000000079e980000, 0x00000007c0000000)
  eden space 66560K, 0% used [0x0000000795580000,0x0000000795580000,0x0000000799680000)
  from space 5120K, 99% used [0x0000000799680000,0x0000000799b7c010,0x0000000799b80000)
  to   space 9216K, 0% used [0x000000079e080000,0x000000079e080000,0x000000079e980000)
 ParOldGen       total 87552K, used 9241K [0x0000000740000000, 0x0000000745580000, 0x0000000795580000)
  object space 87552K, 10% used [0x0000000740000000,0x0000000740906610,0x0000000745580000)
 Metaspace       used 14040K, capacity 14320K, committed 14592K, reserved 1062912K
  class space    used 1663K, capacity 1757K, committed 1792K, reserved 1048576K
}
Event: 4.088 GC heap before
{Heap before GC invocations=6 (full 0):
 PSYoungGen      total 71680K, used 71664K [0x0000000795580000, 0x000000079e980000, 0x00000007c0000000)
  eden space 66560K, 100% used [0x0000000795580000,0x0000000799680000,0x0000000799680000)
  from space 5120K, 99% used [0x0000000799680000,0x0000000799b7c010,0x0000000799b80000)
  to   space 9216K, 0% used [0x000000079e080000,0x000000079e080000,0x000000079e980000)
 ParOldGen       total 87552K, used 9241K [0x0000000740000000, 0x0000000745580000, 0x0000000795580000)
  object space 87552K, 10% used [0x0000000740000000,0x0000000740906610,0x0000000745580000)
 Metaspace       used 18434K, capacity 18840K, committed 19072K, reserved 1067008K
  class space    used 2234K, capacity 2349K, committed 2432K, reserved 1048576K
Event: 4.107 GC heap after
Heap after GC invocations=6 (full 0):
 PSYoungGen      total 141312K, used 8687K [0x0000000795580000, 0x000000079eb80000, 0x00000007c0000000)
  eden space 132096K, 0% used [0x0000000795580000,0x0000000795580000,0x000000079d680000)
  from space 9216K, 94% used [0x000000079e080000,0x000000079e8fbd30,0x000000079e980000)
  to   space 10240K, 0% used [0x000000079d680000,0x000000079d680000,0x000000079e080000)
 ParOldGen       total 87552K, used 9249K [0x0000000740000000, 0x0000000745580000, 0x0000000795580000)
  object space 87552K, 10% used [0x0000000740000000,0x0000000740908610,0x0000000745580000)
 Metaspace       used 18434K, capacity 18840K, committed 19072K, reserved 1067008K
  class space    used 2234K, capacity 2349K, committed 2432K, reserved 1048576K
}
Event: 4.985 GC heap before
{Heap before GC invocations=7 (full 0):
 PSYoungGen      total 141312K, used 53601K [0x0000000795580000, 0x000000079eb80000, 0x00000007c0000000)
  eden space 132096K, 34% used [0x0000000795580000,0x000000079815c9f0,0x000000079d680000)
  from space 9216K, 94% used [0x000000079e080000,0x000000079e8fbd30,0x000000079e980000)
  to   space 10240K, 0% used [0x000000079d680000,0x000000079d680000,0x000000079e080000)
 ParOldGen       total 87552K, used 9249K [0x0000000740000000, 0x0000000745580000, 0x0000000795580000)
  object space 87552K, 10% used [0x0000000740000000,0x0000000740908610,0x0000000745580000)
 Metaspace       used 20349K, capacity 20696K, committed 20736K, reserved 1067008K
  class space    used 2426K, capacity 2541K, committed 2560K, reserved 1048576K
Event: 5.020 GC heap after
Heap after GC invocations=7 (full 0):
 PSYoungGen      total 142336K, used 10235K [0x0000000795580000, 0x000000079f480000, 0x00000007c0000000)
  eden space 132096K, 0% used [0x0000000795580000,0x0000000795580000,0x000000079d680000)
  from space 10240K, 99% used [0x000000079d680000,0x000000079e07edc0,0x000000079e080000)
  to   space 14848K, 0% used [0x000000079e600000,0x000000079e600000,0x000000079f480000)
 ParOldGen       total 87552K, used 16180K [0x0000000740000000, 0x0000000745580000, 0x0000000795580000)
  object space 87552K, 18% used [0x0000000740000000,0x0000000740fcd040,0x0000000745580000)
 Metaspace       used 20349K, capacity 20696K, committed 20736K, reserved 1067008K
  class space    used 2426K, capacity 2541K, committed 2560K, reserved 1048576K
}
Event: 5.020 GC heap before
{Heap before GC invocations=8 (full 1):
 PSYoungGen      total 142336K, used 10235K [0x0000000795580000, 0x000000079f480000, 0x00000007c0000000)
  eden space 132096K, 0% used [0x0000000795580000,0x0000000795580000,0x000000079d680000)
  from space 10240K, 99% used [0x000000079d680000,0x000000079e07edc0,0x000000079e080000)
  to   space 14848K, 0% used [0x000000079e600000,0x000000079e600000,0x000000079f480000)
 ParOldGen       total 87552K, used 16180K [0x0000000740000000, 0x0000000745580000, 0x0000000795580000)
  object space 87552K, 18% used [0x0000000740000000,0x0000000740fcd040,0x0000000745580000)
 Metaspace       used 20349K, capacity 20696K, committed 20736K, reserved 1067008K
  class space    used 2426K, capacity 2541K, committed 2560K, reserved 1048576K

Deoptimization events (10 events):
Event: 3.598 Thread 0x00007fbab3001000 Uncommon trap: reason=bimorphic action=maybe_recompile pc=0x00000001116f2880 method=java.util.HashMap.putVal(ILjava/lang/Object;Ljava/lang/Object;ZZ)Ljava/lang/Object; @ 203
Event: 3.652 Thread 0x00007fbab3001000 Uncommon trap: reason=unstable_if action=reinterpret pc=0x0000000111b041cc method=java.util.regex.Pattern.sequence(Ljava/util/regex/Pattern$Node;)Ljava/util/regex/Pattern$Node; @ 151
Event: 4.065 Thread 0x00007fbab3001000 Uncommon trap: reason=class_check action=maybe_recompile pc=0x0000000111a1b704 method=java.util.regex.Pattern$Curly.study(Ljava/util/regex/Pattern$TreeInfo;)Z @ 31
Event: 4.143 Thread 0x00007fbab3001000 Uncommon trap: reason=class_check action=maybe_recompile pc=0x000000011152bd10 method=sun.misc.URLClassPath.getLoader(I)Lsun/misc/URLClassPath$Loader; @ 94
Event: 4.160 Thread 0x00007fbab3001000 Uncommon trap: reason=class_check action=maybe_recompile pc=0x000000011152bd10 method=sun.misc.URLClassPath.getLoader(I)Lsun/misc/URLClassPath$Loader; @ 94
Event: 4.252 Thread 0x00007fbab3001000 Uncommon trap: reason=class_check action=maybe_recompile pc=0x0000000111be6348 method=java.io.DataInputStream.readChar()C @ 4
Event: 4.252 Thread 0x00007fbab3001000 Uncommon trap: reason=class_check action=maybe_recompile pc=0x0000000111be6348 method=java.io.DataInputStream.readChar()C @ 4
Event: 4.252 Thread 0x00007fbab3001000 Uncommon trap: reason=class_check action=maybe_recompile pc=0x0000000111be6348 method=java.io.DataInputStream.readChar()C @ 4
Event: 4.252 Thread 0x00007fbab3001000 Uncommon trap: reason=class_check action=maybe_recompile pc=0x0000000111be6348 method=java.io.DataInputStream.readChar()C @ 4
Event: 4.280 Thread 0x00007fbab3001000 Uncommon trap: reason=unstable_if action=reinterpret pc=0x0000000111ba75d4 method=java.util.jar.Attributes$Name.isDigit(C)Z @ 3

Internal exceptions (10 events):
Event: 1.451 Thread 0x00007fbab3001000 Exception <a 'java/lang/NoSuchFieldError': method resolution failed> (0x00000007969f3918) thrown at [/Users/java_re/workspace/8-2-build-macosx-x86_64/jdk8u45/3457/hotspot/src/share/vm/prims/methodHandles.cpp, line 1125]
Event: 1.453 Thread 0x00007fbab3001000 Exception <a 'java/lang/NoSuchFieldError': method resolution failed> (0x0000000796a02248) thrown at [/Users/java_re/workspace/8-2-build-macosx-x86_64/jdk8u45/3457/hotspot/src/share/vm/prims/methodHandles.cpp, line 1125]
Event: 2.241 Thread 0x00007fbab3001000 Implicit null exception at 0x0000000111731775 to 0x0000000111731989
Event: 2.241 Thread 0x00007fbab3001000 Implicit null exception at 0x000000011164fbef to 0x000000011164fc59
Event: 2.243 Thread 0x00007fbab3001000 Implicit null exception at 0x00000001118368d8 to 0x0000000111836966
Event: 2.539 Thread 0x00007fbab3001000 Implicit null exception at 0x00000001119bf854 to 0x00000001119bfb5d
Event: 3.599 Thread 0x00007fbab3001000 Exception <a 'java/lang/NoClassDefFoundError': org/slf4j/Logger> (0x00000007979663b8) thrown at [/Users/java_re/workspace/8-2-build-macosx-x86_64/jdk8u45/3457/hotspot/src/share/vm/oops/constantPool.cpp, line 235]
Event: 3.730 Thread 0x00007fbab3001000 Exception <a 'java/lang/ClassNotFoundException': com/sun/tools/javac/api/JavacTool> (0x0000000797ddbed0) thrown at [/Users/java_re/workspace/8-2-build-macosx-x86_64/jdk8u45/3457/hotspot/src/share/vm/classfile/systemDictionary.cpp, line 210]
Event: 4.365 Thread 0x00007fbab3001000 Exception <a 'java/io/FileNotFoundException'> (0x0000000796707a58) thrown at [/Users/java_re/workspace/8-2-build-macosx-x86_64/jdk8u45/3457/hotspot/src/share/vm/prims/jni.cpp, line 709]
Event: 4.369 Thread 0x00007fbab3001000 Exception <a 'java/io/FileNotFoundException'> (0x000000079673cf60) thrown at [/Users/java_re/workspace/8-2-build-macosx-x86_64/jdk8u45/3457/hotspot/src/share/vm/prims/jni.cpp, line 709]

Events (10 events):
Event: 4.981 loading class sun/util/locale/provider/TimeZoneNameUtility$TimeZoneNameGetter done
Event: 4.982 loading class sun/util/resources/TimeZoneNames
Event: 4.983 loading class sun/util/resources/TimeZoneNamesBundle
Event: 4.983 loading class sun/util/resources/TimeZoneNamesBundle done
Event: 4.983 loading class sun/util/resources/TimeZoneNames done
Event: 4.983 loading class sun/util/resources/en/TimeZoneNames_en
Event: 4.983 loading class sun/util/resources/en/TimeZoneNames_en done
Event: 4.983 loading class sun/util/resources/en/TimeZoneNames_en_US
Event: 4.983 loading class sun/util/resources/en/TimeZoneNames_en_US done
Event: 4.985 Executing VM operation: ParallelGCSystemGC


Dynamic libraries:
0x0000000007ed3000 	/System/Library/Frameworks/Cocoa.framework/Versions/A/Cocoa
0x0000000007ed3000 	/System/Library/Frameworks/Security.framework/Versions/A/Security
0x0000000007ed3000 	/System/Library/Frameworks/ApplicationServices.framework/Versions/A/ApplicationServices
0x0000000007ed3000 	/usr/lib/libz.1.dylib
0x0000000007ed3000 	/usr/lib/libSystem.B.dylib
0x0000000007ed3000 	/usr/lib/libobjc.A.dylib
0x0000000007ed3000 	/System/Library/Frameworks/CoreFoundation.framework/Versions/A/CoreFoundation
0x0000000007ed3000 	/System/Library/Frameworks/Foundation.framework/Versions/C/Foundation
0x0000000007ed3000 	/System/Library/Frameworks/AppKit.framework/Versions/C/AppKit
0x0000000007ed3000 	/System/Library/Frameworks/CoreData.framework/Versions/A/CoreData
0x0000000007ed3000 	/System/Library/PrivateFrameworks/RemoteViewServices.framework/Versions/A/RemoteViewServices
0x0000000007ed3000 	/System/Library/PrivateFrameworks/UIFoundation.framework/Versions/A/UIFoundation
0x0000000007ed3000 	/usr/lib/libScreenReader.dylib
0x0000000007ed3000 	/System/Library/Frameworks/Accelerate.framework/Versions/A/Accelerate
0x0000000007ed3000 	/System/Library/Frameworks/IOSurface.framework/Versions/A/IOSurface
0x0000000007ed3000 	/System/Library/Frameworks/AudioToolbox.framework/Versions/A/AudioToolbox
0x0000000007ed3000 	/System/Library/Frameworks/AudioUnit.framework/Versions/A/AudioUnit
0x0000000007ed3000 	/System/Library/PrivateFrameworks/DataDetectorsCore.framework/Versions/A/DataDetectorsCore
0x0000000007ed3000 	/System/Library/PrivateFrameworks/DesktopServicesPriv.framework/Versions/A/DesktopServicesPriv
0x0000000007ed3000 	/System/Library/Frameworks/Carbon.framework/Versions/A/Frameworks/HIToolbox.framework/Versions/A/HIToolbox
0x0000000007ed3000 	/System/Library/Frameworks/QuartzCore.framework/Versions/A/QuartzCore
0x0000000007ed3000 	/System/Library/Frameworks/Carbon.framework/Versions/A/Frameworks/SpeechRecognition.framework/Versions/A/SpeechRecognition
0x0000000007ed3000 	/usr/lib/libauto.dylib
0x0000000007ed3000 	/usr/lib/libicucore.A.dylib
0x0000000007ed3000 	/usr/lib/libxml2.2.dylib
0x0000000007ed3000 	/System/Library/PrivateFrameworks/CoreUI.framework/Versions/A/CoreUI
0x0000000007ed3000 	/System/Library/Frameworks/CoreAudio.framework/Versions/A/CoreAudio
0x0000000007ed3000 	/System/Library/Frameworks/DiskArbitration.framework/Versions/A/DiskArbitration
0x0000000007ed3000 	/usr/lib/liblangid.dylib
0x0000000007ed3000 	/System/Library/PrivateFrameworks/MultitouchSupport.framework/Versions/A/MultitouchSupport
0x0000000007ed3000 	/System/Library/Frameworks/IOKit.framework/Versions/A/IOKit
0x0000000007ed3000 	/usr/lib/libDiagnosticMessagesClient.dylib
0x0000000007ed3000 	/System/Library/Frameworks/CoreServices.framework/Versions/A/CoreServices
0x0000000007ed3000 	/System/Library/PrivateFrameworks/PerformanceAnalysis.framework/Versions/A/PerformanceAnalysis
0x0000000007ed3000 	/System/Library/PrivateFrameworks/GenerationalStorage.framework/Versions/A/GenerationalStorage
0x0000000007ed3000 	/System/Library/Frameworks/OpenGL.framework/Versions/A/OpenGL
0x0000000007ed3000 	/System/Library/PrivateFrameworks/Sharing.framework/Versions/A/Sharing
0x0000000007ed3000 	/System/Library/Frameworks/CoreGraphics.framework/Versions/A/CoreGraphics
0x0000000007ed3000 	/System/Library/Frameworks/CoreImage.framework/Versions/A/CoreImage
0x0000000007ed3000 	/System/Library/Frameworks/CoreText.framework/Versions/A/CoreText
0x0000000007ed3000 	/System/Library/Frameworks/ImageIO.framework/Versions/A/ImageIO
0x0000000007ed3000 	/System/Library/PrivateFrameworks/Backup.framework/Versions/A/Backup
0x0000000007ed3000 	/usr/lib/libextension.dylib
0x0000000007ed3000 	/usr/lib/libarchive.2.dylib
0x0000000007ed3000 	/System/Library/Frameworks/CFNetwork.framework/Versions/A/CFNetwork
0x0000000007ed3000 	/System/Library/Frameworks/SystemConfiguration.framework/Versions/A/SystemConfiguration
0x0000000007ed3000 	/usr/lib/libCRFSuite.dylib
0x0000000007ed3000 	/usr/lib/libc++.1.dylib
0x0000000007ed3000 	/usr/lib/libc++abi.dylib
0x0000000007ed3000 	/usr/lib/system/libcache.dylib
0x0000000007ed3000 	/usr/lib/system/libcommonCrypto.dylib
0x0000000007ed3000 	/usr/lib/system/libcompiler_rt.dylib
0x0000000007ed3000 	/usr/lib/system/libcopyfile.dylib
0x0000000007ed3000 	/usr/lib/system/libcorecrypto.dylib
0x0000000007ed3000 	/usr/lib/system/libdispatch.dylib
0x0000000007ed3000 	/usr/lib/system/libdyld.dylib
0x0000000007ed3000 	/usr/lib/system/libkeymgr.dylib
0x0000000007ed3000 	/usr/lib/system/liblaunch.dylib
0x0000000007ed3000 	/usr/lib/system/libmacho.dylib
0x0000000007ed3000 	/usr/lib/system/libquarantine.dylib
0x0000000007ed3000 	/usr/lib/system/libremovefile.dylib
0x0000000007ed3000 	/usr/lib/system/libsystem_asl.dylib
0x0000000007ed3000 	/usr/lib/system/libsystem_blocks.dylib
0x0000000007ed3000 	/usr/lib/system/libsystem_c.dylib
0x0000000007ed3000 	/usr/lib/system/libsystem_configuration.dylib
0x0000000007ed3000 	/usr/lib/system/libsystem_coreservices.dylib
0x0000000007ed3000 	/usr/lib/system/libsystem_coretls.dylib
0x0000000007ed3000 	/usr/lib/system/libsystem_dnssd.dylib
0x0000000007ed3000 	/usr/lib/system/libsystem_info.dylib
0x0000000007ed3000 	/usr/lib/system/libsystem_kernel.dylib
0x0000000007ed3000 	/usr/lib/system/libsystem_m.dylib
0x0000000007ed3000 	/usr/lib/system/libsystem_malloc.dylib
0x0000000007ed3000 	/usr/lib/system/libsystem_network.dylib
0x0000000007ed3000 	/usr/lib/system/libsystem_networkextension.dylib
0x0000000007ed3000 	/usr/lib/system/libsystem_notify.dylib
0x0000000007ed3000 	/usr/lib/system/libsystem_platform.dylib
0x0000000007ed3000 	/usr/lib/system/libsystem_pthread.dylib
0x0000000007ed3000 	/usr/lib/system/libsystem_sandbox.dylib
0x0000000007ed3000 	/usr/lib/system/libsystem_secinit.dylib
0x0000000007ed3000 	/usr/lib/system/libsystem_trace.dylib
0x0000000007ed3000 	/usr/lib/system/libunc.dylib
0x0000000007ed3000 	/usr/lib/system/libunwind.dylib
0x0000000007ed3000 	/usr/lib/system/libxpc.dylib
0x0000000007ed3000 	/usr/lib/libenergytrace.dylib
0x0000000007ed3000 	/usr/lib/libbsm.0.dylib
0x0000000007ed3000 	/usr/lib/system/libkxld.dylib
0x0000000007ed3000 	/usr/lib/libxar.1.dylib
0x0000000007ed3000 	/usr/lib/libsqlite3.dylib
0x0000000007ed3000 	/usr/lib/libpam.2.dylib
0x0000000007ed3000 	/usr/lib/libOpenScriptingUtil.dylib
0x0000000007ed3000 	/usr/lib/libbz2.1.0.dylib
0x0000000007ed3000 	/usr/lib/liblzma.5.dylib
0x0000000007ed3000 	/System/Library/Frameworks/CoreServices.framework/Versions/A/Frameworks/FSEvents.framework/Versions/A/FSEvents
0x0000000007ed3000 	/System/Library/Frameworks/CoreServices.framework/Versions/A/Frameworks/CarbonCore.framework/Versions/A/CarbonCore
0x0000000007ed3000 	/System/Library/Frameworks/CoreServices.framework/Versions/A/Frameworks/Metadata.framework/Versions/A/Metadata
0x0000000007ed3000 	/System/Library/Frameworks/CoreServices.framework/Versions/A/Frameworks/OSServices.framework/Versions/A/OSServices
0x0000000007ed3000 	/System/Library/Frameworks/CoreServices.framework/Versions/A/Frameworks/SearchKit.framework/Versions/A/SearchKit
0x0000000007ed3000 	/System/Library/Frameworks/CoreServices.framework/Versions/A/Frameworks/AE.framework/Versions/A/AE
0x0000000007ed3000 	/System/Library/Frameworks/CoreServices.framework/Versions/A/Frameworks/LaunchServices.framework/Versions/A/LaunchServices
0x0000000007ed3000 	/System/Library/Frameworks/CoreServices.framework/Versions/A/Frameworks/DictionaryServices.framework/Versions/A/DictionaryServices
0x0000000007ed3000 	/System/Library/Frameworks/CoreServices.framework/Versions/A/Frameworks/SharedFileList.framework/Versions/A/SharedFileList
0x0000000007ed3000 	/System/Library/Frameworks/NetFS.framework/Versions/A/NetFS
0x0000000007ed3000 	/System/Library/PrivateFrameworks/NetAuth.framework/Versions/A/NetAuth
0x0000000007ed3000 	/System/Library/PrivateFrameworks/login.framework/Versions/A/Frameworks/loginsupport.framework/Versions/A/loginsupport
0x0000000007ed3000 	/System/Library/PrivateFrameworks/TCC.framework/Versions/A/TCC
0x0000000007ed3000 	/usr/lib/libmecabra.dylib
0x0000000007ed3000 	/System/Library/Frameworks/ApplicationServices.framework/Versions/A/Frameworks/ATS.framework/Versions/A/ATS
0x0000000007ed3000 	/System/Library/Frameworks/ApplicationServices.framework/Versions/A/Frameworks/ColorSync.framework/Versions/A/ColorSync
0x0000000007ed3000 	/System/Library/Frameworks/ApplicationServices.framework/Versions/A/Frameworks/HIServices.framework/Versions/A/HIServices
0x0000000007ed3000 	/System/Library/Frameworks/ApplicationServices.framework/Versions/A/Frameworks/LangAnalysis.framework/Versions/A/LangAnalysis
0x0000000007ed3000 	/System/Library/Frameworks/ApplicationServices.framework/Versions/A/Frameworks/PrintCore.framework/Versions/A/PrintCore
0x0000000007ed3000 	/System/Library/Frameworks/ApplicationServices.framework/Versions/A/Frameworks/QD.framework/Versions/A/QD
0x0000000007ed3000 	/System/Library/Frameworks/ApplicationServices.framework/Versions/A/Frameworks/SpeechSynthesis.framework/Versions/A/SpeechSynthesis
0x0000000007ed3000 	/System/Library/Frameworks/Metal.framework/Versions/A/Metal
0x0000000007ed3000 	/System/Library/Frameworks/Accelerate.framework/Versions/A/Frameworks/vImage.framework/Versions/A/vImage
0x0000000007ed3000 	/System/Library/Frameworks/Accelerate.framework/Versions/A/Frameworks/vecLib.framework/Versions/A/vecLib
0x0000000007ed3000 	/System/Library/Frameworks/Accelerate.framework/Versions/A/Frameworks/vecLib.framework/Versions/A/libvDSP.dylib
0x0000000007ed3000 	/System/Library/Frameworks/Accelerate.framework/Versions/A/Frameworks/vecLib.framework/Versions/A/libvMisc.dylib
0x0000000007ed3000 	/System/Library/Frameworks/Accelerate.framework/Versions/A/Frameworks/vecLib.framework/Versions/A/libLAPACK.dylib
0x0000000007ed3000 	/System/Library/Frameworks/Accelerate.framework/Versions/A/Frameworks/vecLib.framework/Versions/A/libBLAS.dylib
0x0000000007ed3000 	/System/Library/Frameworks/Accelerate.framework/Versions/A/Frameworks/vecLib.framework/Versions/A/libLinearAlgebra.dylib
0x0000000007ed3000 	/System/Library/Frameworks/Accelerate.framework/Versions/A/Frameworks/vecLib.framework/Versions/A/libSparseBLAS.dylib
0x0000000007ed3000 	/System/Library/PrivateFrameworks/GPUCompiler.framework/libmetal_timestamp.dylib
0x0000000007ed3000 	/System/Library/Frameworks/OpenGL.framework/Versions/A/Libraries/libCoreFSCache.dylib
0x0000000007ed3000 	/System/Library/PrivateFrameworks/IOAccelerator.framework/Versions/A/IOAccelerator
0x0000000007ed3000 	/System/Library/Frameworks/ApplicationServices.framework/Versions/A/Frameworks/ATS.framework/Versions/A/Resources/libFontParser.dylib
0x0000000007ed3000 	/System/Library/Frameworks/ApplicationServices.framework/Versions/A/Frameworks/ATS.framework/Versions/A/Resources/libFontRegistry.dylib
0x0000000007ed3000 	/System/Library/PrivateFrameworks/AppleVPA.framework/Versions/A/AppleVPA
0x0000000007ed3000 	/System/Library/PrivateFrameworks/AppleJPEG.framework/Versions/A/AppleJPEG
0x0000000007ed3000 	/System/Library/Frameworks/ImageIO.framework/Versions/A/Resources/libJPEG.dylib
0x0000000007ed3000 	/System/Library/Frameworks/ImageIO.framework/Versions/A/Resources/libTIFF.dylib
0x0000000007ed3000 	/System/Library/Frameworks/ImageIO.framework/Versions/A/Resources/libPng.dylib
0x0000000007ed3000 	/System/Library/Frameworks/ImageIO.framework/Versions/A/Resources/libGIF.dylib
0x0000000007ed3000 	/System/Library/Frameworks/ImageIO.framework/Versions/A/Resources/libJP2.dylib
0x0000000007ed3000 	/System/Library/Frameworks/ImageIO.framework/Versions/A/Resources/libRadiance.dylib
0x0000000007ed3000 	/System/Library/Frameworks/CoreVideo.framework/Versions/A/CoreVideo
0x0000000007ed3000 	/System/Library/Frameworks/OpenGL.framework/Versions/A/Libraries/libGLU.dylib
0x0000000007ed3000 	/System/Library/Frameworks/OpenGL.framework/Versions/A/Libraries/libGFXShared.dylib
0x0000000007ed3000 	/System/Library/Frameworks/OpenGL.framework/Versions/A/Libraries/libGL.dylib
0x0000000007ed3000 	/System/Library/Frameworks/OpenGL.framework/Versions/A/Libraries/libGLImage.dylib
0x0000000007ed3000 	/System/Library/Frameworks/OpenGL.framework/Versions/A/Libraries/libCVMSPluginSupport.dylib
0x0000000007ed3000 	/System/Library/Frameworks/OpenGL.framework/Versions/A/Libraries/libCoreVMClient.dylib
0x0000000007ed3000 	/usr/lib/libcompression.dylib
0x0000000007ed3000 	/usr/lib/libcups.2.dylib
0x0000000007ed3000 	/System/Library/Frameworks/Kerberos.framework/Versions/A/Kerberos
0x0000000007ed3000 	/System/Library/Frameworks/GSS.framework/Versions/A/GSS
0x0000000007ed3000 	/usr/lib/libresolv.9.dylib
0x0000000007ed3000 	/usr/lib/libiconv.2.dylib
0x0000000007ed3000 	/System/Library/PrivateFrameworks/Heimdal.framework/Versions/A/Heimdal
0x0000000007ed3000 	/usr/lib/libheimdal-asn1.dylib
0x0000000007ed3000 	/System/Library/Frameworks/OpenDirectory.framework/Versions/A/OpenDirectory
0x0000000007ed3000 	/System/Library/PrivateFrameworks/CommonAuth.framework/Versions/A/CommonAuth
0x0000000007ed3000 	/System/Library/Frameworks/OpenDirectory.framework/Versions/A/Frameworks/CFOpenDirectory.framework/Versions/A/CFOpenDirectory
0x0000000007ed3000 	/System/Library/Frameworks/SecurityFoundation.framework/Versions/A/SecurityFoundation
0x0000000007ed3000 	/System/Library/PrivateFrameworks/LanguageModeling.framework/Versions/A/LanguageModeling
0x0000000007ed3000 	/usr/lib/libmarisa.dylib
0x0000000007ed3000 	/usr/lib/libChineseTokenizer.dylib
0x0000000007ed3000 	/usr/lib/libcmph.dylib
0x0000000007ed3000 	/System/Library/Frameworks/ServiceManagement.framework/Versions/A/ServiceManagement
0x0000000007ed3000 	/usr/lib/libxslt.1.dylib
0x0000000007ed3000 	/System/Library/Frameworks/Carbon.framework/Versions/A/Frameworks/Ink.framework/Versions/A/Ink
0x0000000007ed3000 	/usr/lib/libFosl_dynamic.dylib
0x0000000007ed3000 	/System/Library/PrivateFrameworks/FaceCore.framework/Versions/A/FaceCore
0x0000000007ed3000 	/System/Library/Frameworks/OpenCL.framework/Versions/A/OpenCL
0x0000000007ed3000 	/System/Library/PrivateFrameworks/CrashReporterSupport.framework/Versions/A/CrashReporterSupport
0x0000000007ed3000 	/System/Library/PrivateFrameworks/IconServices.framework/Versions/A/IconServices
0x0000000007ed3000 	/System/Library/PrivateFrameworks/Apple80211.framework/Versions/A/Apple80211
0x0000000007ed3000 	/System/Library/Frameworks/CoreWLAN.framework/Versions/A/CoreWLAN
0x0000000007ed3000 	/System/Library/Frameworks/IOBluetooth.framework/Versions/A/IOBluetooth
0x0000000007ed3000 	/System/Library/PrivateFrameworks/CoreWiFi.framework/Versions/A/CoreWiFi
0x0000000007ed3000 	/System/Library/Frameworks/CoreBluetooth.framework/Versions/A/CoreBluetooth
0x0000000007ed3000 	/System/Library/PrivateFrameworks/ChunkingLibrary.framework/Versions/A/ChunkingLibrary
0x0000000007ed3000 	/System/Library/PrivateFrameworks/DebugSymbols.framework/Versions/A/DebugSymbols
0x0000000007ed3000 	/System/Library/PrivateFrameworks/CoreSymbolication.framework/Versions/A/CoreSymbolication
0x0000000007ed3000 	/System/Library/PrivateFrameworks/Symbolication.framework/Versions/A/Symbolication
0x0000000007ed3000 	/System/Library/PrivateFrameworks/SpeechRecognitionCore.framework/Versions/A/SpeechRecognitionCore
0x0000000110400000 	/Library/Java/JavaVirtualMachines/jdk1.8.0_45.jdk/Contents/Home/jre/lib/server/libjvm.dylib
0x0000000007ed3000 	/usr/lib/libstdc++.6.dylib
0x000000010fa14000 	/Library/Java/JavaVirtualMachines/jdk1.8.0_45.jdk/Contents/Home/jre/lib/libverify.dylib
0x000000010fa22000 	/Library/Java/JavaVirtualMachines/jdk1.8.0_45.jdk/Contents/Home/jre/lib/libjava.dylib
0x000000010fa61000 	/Library/Java/JavaVirtualMachines/jdk1.8.0_45.jdk/Contents/Home/jre/lib/libzip.dylib
0x0000000126b39000 	/System/Library/Frameworks/JavaVM.framework/Frameworks/JavaRuntimeSupport.framework/JavaRuntimeSupport
0x0000000126b54000 	/System/Library/Frameworks/JavaVM.framework/Versions/A/Frameworks/JavaNativeFoundation.framework/Versions/A/JavaNativeFoundation
0x0000000126b69000 	/System/Library/Frameworks/JavaVM.framework/Versions/A/JavaVM
0x0000000007ed3000 	/System/Library/Frameworks/Carbon.framework/Versions/A/Carbon
0x0000000126b76000 	/System/Library/PrivateFrameworks/JavaLaunching.framework/Versions/A/JavaLaunching
0x0000000007ed3000 	/System/Library/Frameworks/Carbon.framework/Versions/A/Frameworks/CommonPanels.framework/Versions/A/CommonPanels
0x0000000007ed3000 	/System/Library/Frameworks/Carbon.framework/Versions/A/Frameworks/Help.framework/Versions/A/Help
0x0000000007ed3000 	/System/Library/Frameworks/Carbon.framework/Versions/A/Frameworks/ImageCapture.framework/Versions/A/ImageCapture
0x0000000007ed3000 	/System/Library/Frameworks/Carbon.framework/Versions/A/Frameworks/OpenScripting.framework/Versions/A/OpenScripting
0x0000000007ed3000 	/System/Library/Frameworks/Carbon.framework/Versions/A/Frameworks/Print.framework/Versions/A/Print
0x0000000007ed3000 	/System/Library/Frameworks/Carbon.framework/Versions/A/Frameworks/SecurityHI.framework/Versions/A/SecurityHI
0x000000012849d000 	/Applications/IntelliJ IDEA.app/Contents/bin/libbreakgen64.jnilib
0x00000001284a0000 	/Library/Java/JavaVirtualMachines/jdk1.8.0_45.jdk/Contents/Home/jre/lib/libnet.dylib
0x0000000128703000 	/Library/Java/JavaVirtualMachines/jdk1.8.0_45.jdk/Contents/Home/jre/lib/libnio.dylib

VM Arguments:
jvm_args: -Dmaven.home=/Applications/IntelliJ IDEA.app/Contents/plugins/maven/lib/maven3 -Dclassworlds.conf=/Applications/IntelliJ IDEA.app/Contents/plugins/maven/lib/maven3/bin/m2.conf -Didea.launcher.port=7532 -Didea.launcher.bin.path=/Applications/IntelliJ IDEA.app/Contents/bin -Dfile.encoding=UTF-8 
java_command: com.intellij.rt.execution.application.AppMain org.codehaus.classworlds.Launcher -Didea.version=2016.1 compiler:compile
java_class_path (initial): /Applications/IntelliJ IDEA.app/Contents/plugins/maven/lib/maven3/boot/plexus-classworlds-2.4.jar:/Applications/IntelliJ IDEA.app/Contents/lib/idea_rt.jar
Launcher Type: SUN_STANDARD

Environment Variables:
PATH=/usr/local/bin:/usr/bin:/bin:/usr/sbin:/sbin
SHELL=/bin/zsh

Signal Handlers:
SIGSEGV: [libjvm.dylib+0x58ef95], sa_mask[0]=11111111011111110111111111111111, sa_flags=SA_ONSTACK|SA_RESTART|SA_SIGINFO
SIGBUS: [libjvm.dylib+0x58ef95], sa_mask[0]=11111111011111110111111111111111, sa_flags=SA_RESTART|SA_SIGINFO
SIGFPE: [libjvm.dylib+0x46c108], sa_mask[0]=11111111011111110111111111111111, sa_flags=SA_RESTART|SA_SIGINFO
SIGPIPE: [libjvm.dylib+0x46c108], sa_mask[0]=11111111011111110111111111111111, sa_flags=SA_RESTART|SA_SIGINFO
SIGXFSZ: [libjvm.dylib+0x46c108], sa_mask[0]=11111111011111110111111111111111, sa_flags=SA_RESTART|SA_SIGINFO
SIGILL: [libjvm.dylib+0x46c108], sa_mask[0]=11111111011111110111111111111111, sa_flags=SA_RESTART|SA_SIGINFO
SIGUSR1: SIG_DFL, sa_mask[0]=00000000000000000000000000000000, sa_flags=none
SIGUSR2: [libjvm.dylib+0x46bc26], sa_mask[0]=00100000000000000000000000000000, sa_flags=SA_RESTART|SA_SIGINFO
SIGHUP: [libjvm.dylib+0x46a1f9], sa_mask[0]=11111111011111110111111111111111, sa_flags=SA_RESTART|SA_SIGINFO
SIGINT: [libjvm.dylib+0x46a1f9], sa_mask[0]=11111111011111110111111111111111, sa_flags=SA_RESTART|SA_SIGINFO
SIGTERM: [libjvm.dylib+0x46a1f9], sa_mask[0]=11111111011111110111111111111111, sa_flags=SA_RESTART|SA_SIGINFO
SIGQUIT: [libjvm.dylib+0x46a1f9], sa_mask[0]=11111111011111110111111111111111, sa_flags=SA_RESTART|SA_SIGINFO


---------------  S Y S T E M  ---------------

OS:Bsduname:Darwin 15.6.0 Darwin Kernel Version 15.6.0: Sun Jun  4 21:43:07 PDT 2017; root:xnu-3248.70.3~1/RELEASE_X86_64 x86_64
rlimit: STACK 8192k, CORE 0k, NPROC 709, NOFILE 10240, AS infinity
load average:3.39 3.36 3.35

CPU:total 4 (2 cores per cpu, 2 threads per core) family 6 model 42 stepping 7, cmov, cx8, fxsr, mmx, sse, sse2, sse3, ssse3, sse4.1, sse4.2, popcnt, avx, aes, clmul, ht, tsc, tscinvbit

Memory: 4k page, physical 8388608k(69536k free)

/proc/meminfo:


vm_info: Java HotSpot(TM) 64-Bit Server VM (25.45-b02) for bsd-amd64 JRE (1.8.0_45-b14), built on Apr 10 2015 10:46:38 by "java_re" with gcc 4.2.1 (Based on Apple Inc. build 5658) (LLVM build 2336.11.00)

time: Sat Jan 20 01:30:14 2018
elapsed time: 5 seconds (0d 0h 0m 5s)

